mode: set
github.com/jkbicbic/gopager/gopager/gopager.go:19.65,25.2 1 1
github.com/jkbicbic/gopager/gopager/gopager.go:28.33,35.34 3 1
github.com/jkbicbic/gopager/gopager/gopager.go:40.2,40.23 1 1
github.com/jkbicbic/gopager/gopager/gopager.go:45.2,45.34 1 1
github.com/jkbicbic/gopager/gopager/gopager.go:51.2,52.16 2 1
github.com/jkbicbic/gopager/gopager/gopager.go:58.2,59.16 2 1
github.com/jkbicbic/gopager/gopager/gopager.go:65.2,66.24 2 1
github.com/jkbicbic/gopager/gopager/gopager.go:72.2,73.52 2 1
github.com/jkbicbic/gopager/gopager/gopager.go:78.2,78.72 1 1
github.com/jkbicbic/gopager/gopager/gopager.go:84.2,84.46 1 1
github.com/jkbicbic/gopager/gopager/gopager.go:35.34,37.3 1 1
github.com/jkbicbic/gopager/gopager/gopager.go:40.23,42.3 1 1
github.com/jkbicbic/gopager/gopager/gopager.go:45.34,47.3 1 1
github.com/jkbicbic/gopager/gopager/gopager.go:52.16,54.3 1 1
github.com/jkbicbic/gopager/gopager/gopager.go:59.16,61.3 1 1
github.com/jkbicbic/gopager/gopager/gopager.go:66.24,68.3 1 1
github.com/jkbicbic/gopager/gopager/gopager.go:73.52,75.3 1 1
github.com/jkbicbic/gopager/gopager/gopager.go:78.72,80.3 1 1
github.com/jkbicbic/gopager/gopager/gopager.go:84.46,86.3 1 1
